Determining if the pthread_create exist failed with the following output:
Change Dir: /home/iclab/test_ws/build/CMakeFiles/CMakeTmp

Run Build Command:"/usr/bin/make" "cmTC_fbefe/fast"
/usr/bin/make -f CMakeFiles/cmTC_fbefe.dir/build.make CMakeFiles/cmTC_fbefe.dir/build
make[1]: Entering directory '/home/iclab/test_ws/build/CMakeFiles/CMakeTmp'
Building C object CMakeFiles/cmTC_fbefe.dir/CheckSymbolExists.c.o
/usr/lib/ccache/cc    -o CMakeFiles/cmTC_fbefe.dir/CheckSymbolExists.c.o   -c /home/iclab/test_ws/build/CMakeFiles/CMakeTmp/CheckSymbolExists.c
Linking C executable cmTC_fbefe
/usr/bin/cmake -E cmake_link_script CMakeFiles/cmTC_fbefe.dir/link.txt --verbose=1
/usr/lib/ccache/cc      -rdynamic CMakeFiles/cmTC_fbefe.dir/CheckSymbolExists.c.o  -o cmTC_fbefe 
CMakeFiles/cmTC_fbefe.dir/CheckSymbolExists.c.o: In function `main':
CheckSymbolExists.c:(.text+0x1b): undefined reference to `pthread_create'
collect2: error: ld returned 1 exit status
CMakeFiles/cmTC_fbefe.dir/build.make:86: recipe for target 'cmTC_fbefe' failed
make[1]: *** [cmTC_fbefe] Error 1
make[1]: Leaving directory '/home/iclab/test_ws/build/CMakeFiles/CMakeTmp'
Makefile:121: recipe for target 'cmTC_fbefe/fast' failed
make: *** [cmTC_fbefe/fast] Error 2

File /home/iclab/test_ws/build/CMakeFiles/CMakeTmp/CheckSymbolExists.c:
/* */
#include <pthread.h>

int main(int argc, char** argv)
{
  (void)argv;
#ifndef pthread_create
  return ((int*)(&pthread_create))[argc];
#else
  (void)argc;
  return 0;
#endif
}

Determining if the function pthread_create exists in the pthreads failed with the following output:
Change Dir: /home/iclab/test_ws/build/CMakeFiles/CMakeTmp

Run Build Command:"/usr/bin/make" "cmTC_b8c50/fast"
/usr/bin/make -f CMakeFiles/cmTC_b8c50.dir/build.make CMakeFiles/cmTC_b8c50.dir/build
make[1]: Entering directory '/home/iclab/test_ws/build/CMakeFiles/CMakeTmp'
Building C object CMakeFiles/cmTC_b8c50.dir/CheckFunctionExists.c.o
/usr/lib/ccache/cc   -DCHECK_FUNCTION_EXISTS=pthread_create   -o CMakeFiles/cmTC_b8c50.dir/CheckFunctionExists.c.o   -c /usr/share/cmake-3.13/Modules/CheckFunctionExists.c
Linking C executable cmTC_b8c50
/usr/bin/cmake -E cmake_link_script CMakeFiles/cmTC_b8c50.dir/link.txt --verbose=1
/usr/lib/ccache/cc  -DCHECK_FUNCTION_EXISTS=pthread_create    -rdynamic CMakeFiles/cmTC_b8c50.dir/CheckFunctionExists.c.o  -o cmTC_b8c50 -lpthreads 
/usr/bin/ld: cannot find -lpthreads
collect2: error: ld returned 1 exit status
CMakeFiles/cmTC_b8c50.dir/build.make:86: recipe for target 'cmTC_b8c50' failed
make[1]: *** [cmTC_b8c50] Error 1
make[1]: Leaving directory '/home/iclab/test_ws/build/CMakeFiles/CMakeTmp'
Makefile:121: recipe for target 'cmTC_b8c50/fast' failed
make: *** [cmTC_b8c50/fast] Error 2


